<?xml version="1.0" encoding="UTF-8"?>
<!-- Generated by org.testng.reporters.JUnitReportReporter -->
<testsuite hostname="Ganesh" failures="0" tests="1" name="com.TestCase.BaseClass" time="14.638" errors="0" timestamp="2023-06-16T15:43:32 IST" skipped="0">
  <testcase classname="com.TestCase.BaseClass" name="Setup" time="14.638"/>
  <system-out/>
</testsuite> <!-- com.TestCase.BaseClass -->
