<?xml version="1.0" encoding="UTF-8"?>
<!-- Generated by org.testng.reporters.JUnitReportReporter -->
<testsuite hostname="DESKTOP-C4A8OJP" failures="0" tests="2" name="com.TestCase.MyTestCases" time="0.366" errors="0" timestamp="2024-08-10T18:36:29 IST" skipped="0">
  <testcase classname="com.TestCase.MyTestCases" name="VerifyLogo" time="0.140"/>
  <system-out/>
  <testcase classname="com.TestCase.MyTestCases" name="AddProducttoart" time="0.226"/>
  <system-out/>
</testsuite> <!-- com.TestCase.MyTestCases -->
